<?xml version="1.0" encoding="UTF-8"?>
<!-- Generated by org.testng.reporters.JUnitReportReporter -->
<testsuite hostname="soumya-PC" name="pack1.Test1" tests="2" failures="0" timestamp="16 Jan 2016 01:12:17 GMT" time="0.021" errors="0">
  <testcase name="test1" time="0.020" classname="pack1.Test1"/>
  <testcase name="test2" time="0.001" classname="pack1.Test1"/>
</testsuite> <!-- pack1.Test1 -->
